Tesina/ApplicazioniTestate/Trolly1/app/build/outputs/logs/manifest-merger-debug-report.txt
-- Merging decision tree log ---
manifest
ADDED from src\main\AndroidManifest.xml:2:1-29:12
INJECTED from src\main\AndroidManifest.xml:2:1-29:12
INJECTED from src\main\AndroidManifest.xml:2:1-29:12
	package
		ADDED from src\main\AndroidManifest.xml:3:7-36
		INJECTED from src\main\AndroidManifest.xml
		INJECTED from src\main\AndroidManifest.xml
	xmlns:android
		ADDED from src\main\AndroidManifest.xml:2:11-69
application
ADDED from src\main\AndroidManifest.xml:7:5-28:19
	android:label
		ADDED from src\main\AndroidManifest.xml:7:48-80
	android:icon
		ADDED from src\main\AndroidManifest.xml:7:18-47
provider#caldwell.ben.trolly.TrollyProvider
ADDED from src\main\AndroidManifest.xml:8:6-10:11
	android:authorities
		ADDED from src\main\AndroidManifest.xml:9:13-63
	android:name
		ADDED from src\main\AndroidManifest.xml:8:16-46
activity#caldwell.ben.trolly.Trolly
ADDED from src\main\AndroidManifest.xml:11:9-24:20
	android:screenOrientation
		ADDED from src\main\AndroidManifest.xml:14:17-53
	android:label
		ADDED from src\main\AndroidManifest.xml:13:17-49
	android:icon
		ADDED from src\main\AndroidManifest.xml:12:11-43
	android:name
		ADDED from src\main\AndroidManifest.xml:11:19-41
intent-filter#android.intent.action.MAIN+android.intent.category.LAUNCHER
ADDED from src\main\AndroidManifest.xml:15:13-18:29
action#android.intent.action.MAIN
ADDED from src\main\AndroidManifest.xml:16:17-69
	android:name
		ADDED from src\main\AndroidManifest.xml:16:25-66
category#android.intent.category.LAUNCHER
ADDED from src\main\AndroidManifest.xml:17:17-77
	android:name
		ADDED from src\main\AndroidManifest.xml:17:27-74
intent-filter#android.intent.category.DEFAULT+org.openintents.action.INSERT_FROM_EXTRAS
ADDED from src\main\AndroidManifest.xml:19:13-23:29
action#org.openintents.action.INSERT_FROM_EXTRAS
ADDED from src\main\AndroidManifest.xml:20:17-84
	android:name
		ADDED from src\main\AndroidManifest.xml:20:25-81
category#android.intent.category.DEFAULT
ADDED from src\main\AndroidManifest.xml:21:17-76
	android:name
		ADDED from src\main\AndroidManifest.xml:21:27-73
data
ADDED from src\main\AndroidManifest.xml:22:17-91
	android:mimeType
		ADDED from src\main\AndroidManifest.xml:22:23-88
activity#caldwell.ben.trolly.TrollyPreferences
ADDED from src\main\AndroidManifest.xml:25:9-27:20
	android:label
		ADDED from src\main\AndroidManifest.xml:26:11-43
	android:name
		ADDED from src\main\AndroidManifest.xml:25:19-52
uses-sdk
INJECTED from src\main\AndroidManifest.xml reason: use-sdk injection requested
INJECTED from src\main\AndroidManifest.xml
INJECTED from src\main\AndroidManifest.xml
INJECTED from src\main\AndroidManifest.xml
INJECTED from src\main\AndroidManifest.xml
	android:targetSdkVersion
		INJECTED from src\main\AndroidManifest.xml
		ADDED from src\main\AndroidManifest.xml
		INJECTED from src\main\AndroidManifest.xml
	android:minSdkVersion
		INJECTED from src\main\AndroidManifest.xml
		ADDED from src\main\AndroidManifest.xml
		INJECTED from src\main\AndroidManifest.xml